---------- Date: 2016-05-30 16:29:39 ~ IP : 84.120.29.169 ----------
REQUEST URI : /
MOD DETAILS:
   modFile   : /home/keika509/public_html/vqmod/xml/opencart_emailtemplate.xml
   id        : Opencart fixes/missing features - extension independent
   version   : 4.5.1.6
   vqmver    : 2.4.0
   author    : opencart-templates.co.uk

File Name    : system/library/language.php(0)
VQModObject::applyMod - SEARCH NOT FOUND (ABORTING MOD): DIR_LANGUAGE . $this->directory
----------------------------------------------------------------------


---------- Date: 2016-05-30 16:43:39 ~ IP : 84.231.23.71 ----------
REQUEST URI : /index.php?route=account/login&amp;utm_campaign=Keikauskauppa.fi&amp;utm_medium=email&amp;utm_source=account%2Fforgotten+Keikauskauppa.fi&amp;utm_content=customer_login
MOD DETAILS:
   modFile   : /home/keika509/public_html/vqmod/xml/opencart_emailtemplate.xml
   id        : Opencart fixes/missing features - extension independent
   version   : 4.5.1.6
   vqmver    : 2.4.0
   author    : opencart-templates.co.uk

File Name    : catalog/model/account/customer.php(0)
VQModObject::applyMod - SEARCH NOT FOUND (ABORTING MOD): $this->db->query("INSERT INTO " . DB_PREFIX . "customer SET store_id =
----------------------------------------------------------------------


