---------- Date: 2016-12-22 00:08:00 ~ IP : 127.0.0.1 ----------
REQUEST URI : /keikauskauppa/index.php?route=account/order/info&amp;order_id=3039
MOD DETAILS:
   modFile   : E:\Backup\WEBS\wampserver\www\keikauskauppa\vqmod/xml/opencart_emailtemplate.xml
   id        : Opencart fixes/missing features - extension independent
   version   : 4.5.1.6
   vqmver    : 2.4.0
   author    : opencart-templates.co.uk

File Name    : system/library/language.php(0)
VQModObject::applyMod - SEARCH NOT FOUND (ABORTING MOD): DIR_LANGUAGE . $this->directory
----------------------------------------------------------------------


---------- Date: 2016-12-22 00:15:22 ~ IP : 127.0.0.1 ----------
REQUEST URI : /keikauskauppa/index.php?route=checkout/manual&amp;token=e53f154f990ec93fecbd15e47ad74092&amp;customer_group_id=28&amp;order_language_id=2
MOD DETAILS:
   modFile   : E:\Backup\WEBS\wampserver\www\keikauskauppa\vqmod/xml/opencart_emailtemplate.xml
   id        : Opencart fixes/missing features - extension independent
   version   : 4.5.1.6
   vqmver    : 2.4.0
   author    : opencart-templates.co.uk

File Name    : catalog/model/account/customer.php(0)
VQModObject::applyMod - SEARCH NOT FOUND (ABORTING MOD): $this->db->query("INSERT INTO " . DB_PREFIX . "customer SET store_id =
----------------------------------------------------------------------


---------- Date: 2016-12-22 00:15:30 ~ IP : 127.0.0.1 ----------
REQUEST URI : /keikauskauppa/admin/index.php?route=sale/sid_orders_products_updater/removeProducts&amp;token=e53f154f990ec93fecbd15e47ad74092
MOD DETAILS:
   modFile   : E:\Backup\WEBS\wampserver\www\keikauskauppa\vqmod/xml/opencart_emailtemplate.xml
   id        : Opencart fixes/missing features - extension independent
   version   : 4.5.1.6
   vqmver    : 2.4.0
   author    : opencart-templates.co.uk

File Name    : system/library/language.php(0)
VQModObject::applyMod - SEARCH NOT FOUND (ABORTING MOD): DIR_LANGUAGE . $this->directory
MOD DETAILS:
   modFile   : E:\Backup\WEBS\wampserver\www\keikauskauppa\vqmod/xml/payment_system.xml
   id        : Payment System
   version   : 20140121
   vqmver    : 2.4.1
   author    : Digital Web Depot

File Name    : admin/language/*/mail/order.php(0)
VQModObject::applyMod - SEARCH NOT FOUND (ABORTING MOD): // Text

----------------------------------------------------------------------


---------- Date: 2016-12-22 00:26:41 ~ IP : 127.0.0.1 ----------
REQUEST URI : /keikauskauppa/admin/index.php?route=sale/sid_orders_products_updater/removeProducts&amp;token=e53f154f990ec93fecbd15e47ad74092
MOD DETAILS:
   modFile   : E:\Backup\WEBS\wampserver\www\keikauskauppa\vqmod/xml/payment_system.xml
   id        : Payment System
   version   : 20140121
   vqmver    : 2.4.1
   author    : Digital Web Depot

File Name    : admin/language/*/mail/order.php(0)
VQModObject::applyMod - SEARCH NOT FOUND (ABORTING MOD): // Text

----------------------------------------------------------------------


---------- Date: 2016-12-22 00:39:01 ~ IP : 127.0.0.1 ----------
REQUEST URI : /keikauskauppa/admin/index.php?route=sale/sid_orders_products_updater/removeProducts&amp;token=e53f154f990ec93fecbd15e47ad74092
MOD DETAILS:
   modFile   : E:\Backup\WEBS\wampserver\www\keikauskauppa\vqmod/xml/payment_system.xml
   id        : Payment System
   version   : 20140121
   vqmver    : 2.4.1
   author    : Digital Web Depot

File Name    : admin/language/*/mail/order.php(0)
VQModObject::applyMod - SEARCH NOT FOUND (ABORTING MOD): // Text

----------------------------------------------------------------------


---------- Date: 2016-12-22 00:45:24 ~ IP : 127.0.0.1 ----------
REQUEST URI : /keikauskauppa/admin/index.php?route=sale/sid_orders_products_updater/removeProducts&amp;token=e53f154f990ec93fecbd15e47ad74092
MOD DETAILS:
   modFile   : E:\Backup\WEBS\wampserver\www\keikauskauppa\vqmod/xml/payment_system.xml
   id        : Payment System
   version   : 20140121
   vqmver    : 2.4.1
   author    : Digital Web Depot

File Name    : admin/language/*/mail/order.php(0)
VQModObject::applyMod - SEARCH NOT FOUND (ABORTING MOD): // Text

----------------------------------------------------------------------


---------- Date: 2016-12-22 00:53:49 ~ IP : 127.0.0.1 ----------
REQUEST URI : /keikauskauppa/admin/index.php?route=sale/sid_orders_products_updater/removeProducts&amp;token=e53f154f990ec93fecbd15e47ad74092
MOD DETAILS:
   modFile   : E:\Backup\WEBS\wampserver\www\keikauskauppa\vqmod/xml/payment_system.xml
   id        : Payment System
   version   : 20140121
   vqmver    : 2.4.1
   author    : Digital Web Depot

File Name    : admin/language/*/mail/order.php(0)
VQModObject::applyMod - SEARCH NOT FOUND (ABORTING MOD): // Text

----------------------------------------------------------------------


---------- Date: 2016-12-22 00:56:41 ~ IP : 127.0.0.1 ----------
REQUEST URI : /keikauskauppa/admin/index.php?route=sale/sid_orders_products_updater/removeProducts&amp;token=e53f154f990ec93fecbd15e47ad74092
MOD DETAILS:
   modFile   : E:\Backup\WEBS\wampserver\www\keikauskauppa\vqmod/xml/payment_system.xml
   id        : Payment System
   version   : 20140121
   vqmver    : 2.4.1
   author    : Digital Web Depot

File Name    : admin/language/*/mail/order.php(0)
VQModObject::applyMod - SEARCH NOT FOUND (ABORTING MOD): // Text

----------------------------------------------------------------------


---------- Date: 2016-12-22 21:19:57 ~ IP : 127.0.0.1 ----------
REQUEST URI : /keikauskauppa/admin/index.php?route=sale/sid_orders_products_updater/removeProducts&amp;token=e53f154f990ec93fecbd15e47ad74092
MOD DETAILS:
   modFile   : E:\Backup\WEBS\wampserver\www\keikauskauppa\vqmod/xml/payment_system.xml
   id        : Payment System
   version   : 20140121
   vqmver    : 2.4.1
   author    : Digital Web Depot

File Name    : admin/language/*/mail/order.php(0)
VQModObject::applyMod - SEARCH NOT FOUND (ABORTING MOD): // Text

----------------------------------------------------------------------


---------- Date: 2016-12-22 21:25:01 ~ IP : 127.0.0.1 ----------
REQUEST URI : /keikauskauppa/admin/index.php?route=sale/sid_orders_products_updater/removeProducts&amp;token=421544958c0edf73870e529bb44983c5
MOD DETAILS:
   modFile   : E:\Backup\WEBS\wampserver\www\keikauskauppa\vqmod/xml/payment_system.xml
   id        : Payment System
   version   : 20140121
   vqmver    : 2.4.1
   author    : Digital Web Depot

File Name    : admin/language/*/mail/order.php(0)
VQModObject::applyMod - SEARCH NOT FOUND (ABORTING MOD): // Text

----------------------------------------------------------------------


---------- Date: 2016-12-22 21:31:43 ~ IP : 127.0.0.1 ----------
REQUEST URI : /keikauskauppa/admin/index.php?route=sale/sid_orders_products_updater/removeProducts&amp;token=598787fad3c7c6ea652101c9e757c5c3
MOD DETAILS:
   modFile   : E:\Backup\WEBS\wampserver\www\keikauskauppa\vqmod/xml/payment_system.xml
   id        : Payment System
   version   : 20140121
   vqmver    : 2.4.1
   author    : Digital Web Depot

File Name    : admin/language/*/mail/order.php(0)
VQModObject::applyMod - SEARCH NOT FOUND (ABORTING MOD): // Text

----------------------------------------------------------------------


---------- Date: 2016-12-22 21:42:26 ~ IP : 127.0.0.1 ----------
REQUEST URI : /keikauskauppa/admin/index.php?route=sale/sid_orders_products_updater/removeProducts&amp;token=598787fad3c7c6ea652101c9e757c5c3
MOD DETAILS:
   modFile   : E:\Backup\WEBS\wampserver\www\keikauskauppa\vqmod/xml/payment_system.xml
   id        : Payment System
   version   : 20140121
   vqmver    : 2.4.1
   author    : Digital Web Depot

File Name    : admin/language/*/mail/order.php(0)
VQModObject::applyMod - SEARCH NOT FOUND (ABORTING MOD): // Text

----------------------------------------------------------------------


---------- Date: 2016-12-22 22:03:53 ~ IP : 127.0.0.1 ----------
REQUEST URI : /keikauskauppa/admin/index.php?route=sale/sid_orders_products_updater/removeProducts&amp;token=598787fad3c7c6ea652101c9e757c5c3
MOD DETAILS:
   modFile   : E:\Backup\WEBS\wampserver\www\keikauskauppa\vqmod/xml/payment_system.xml
   id        : Payment System
   version   : 20140121
   vqmver    : 2.4.1
   author    : Digital Web Depot

File Name    : admin/language/*/mail/order.php(0)
VQModObject::applyMod - SEARCH NOT FOUND (ABORTING MOD): // Text

----------------------------------------------------------------------


---------- Date: 2016-12-22 22:21:07 ~ IP : 127.0.0.1 ----------
REQUEST URI : /keikauskauppa/admin/index.php?route=sale/sid_orders_products_updater/removeProducts&amp;token=598787fad3c7c6ea652101c9e757c5c3
MOD DETAILS:
   modFile   : E:\Backup\WEBS\wampserver\www\keikauskauppa\vqmod/xml/payment_system.xml
   id        : Payment System
   version   : 20140121
   vqmver    : 2.4.1
   author    : Digital Web Depot

File Name    : admin/language/*/mail/order.php(0)
VQModObject::applyMod - SEARCH NOT FOUND (ABORTING MOD): // Text

----------------------------------------------------------------------


---------- Date: 2016-12-22 22:32:06 ~ IP : 127.0.0.1 ----------
REQUEST URI : /keikauskauppa/admin/index.php?route=sale/sid_orders_products_updater/removeProducts&amp;token=598787fad3c7c6ea652101c9e757c5c3
MOD DETAILS:
   modFile   : E:\Backup\WEBS\wampserver\www\keikauskauppa\vqmod/xml/payment_system.xml
   id        : Payment System
   version   : 20140121
   vqmver    : 2.4.1
   author    : Digital Web Depot

File Name    : admin/language/*/mail/order.php(0)
VQModObject::applyMod - SEARCH NOT FOUND (ABORTING MOD): // Text

----------------------------------------------------------------------


---------- Date: 2016-12-22 22:55:14 ~ IP : 127.0.0.1 ----------
REQUEST URI : /keikauskauppa/admin/index.php?route=sale/sid_orders_products_updater/removeProducts&amp;token=598787fad3c7c6ea652101c9e757c5c3
MOD DETAILS:
   modFile   : E:\Backup\WEBS\wampserver\www\keikauskauppa\vqmod/xml/payment_system.xml
   id        : Payment System
   version   : 20140121
   vqmver    : 2.4.1
   author    : Digital Web Depot

File Name    : admin/language/*/mail/order.php(0)
VQModObject::applyMod - SEARCH NOT FOUND (ABORTING MOD): // Text

----------------------------------------------------------------------


---------- Date: 2016-12-22 23:17:56 ~ IP : 127.0.0.1 ----------
REQUEST URI : /keikauskauppa/admin/index.php?route=sale/sid_orders_products_updater/removeProducts&amp;token=598787fad3c7c6ea652101c9e757c5c3
MOD DETAILS:
   modFile   : E:\Backup\WEBS\wampserver\www\keikauskauppa\vqmod/xml/payment_system.xml
   id        : Payment System
   version   : 20140121
   vqmver    : 2.4.1
   author    : Digital Web Depot

File Name    : admin/language/*/mail/order.php(0)
VQModObject::applyMod - SEARCH NOT FOUND (ABORTING MOD): // Text

----------------------------------------------------------------------


