---------- Date: 2017-01-20 23:30:08 ~ IP : 127.0.0.1 ----------
REQUEST URI : /keikauskauppa/admin/index.php?route=sale/sid_orders_products_updater/removeProducts&amp;token=a674921265f3fa80948d4eb5f1edebbd
MOD DETAILS:
   modFile   : E:\Backup\WEBS\wampserver\www\keikauskauppa\vqmod/xml/payment_system.xml
   id        : Payment System
   version   : 20140121
   vqmver    : 2.4.1
   author    : Digital Web Depot

File Name    : admin/language/*/mail/order.php(0)
VQModObject::applyMod - SEARCH NOT FOUND (ABORTING MOD): // Text

----------------------------------------------------------------------


---------- Date: 2017-01-20 23:43:55 ~ IP : 127.0.0.1 ----------
REQUEST URI : /keikauskauppa/admin/index.php?route=sale/sid_orders_products_updater/removeProducts&amp;token=a674921265f3fa80948d4eb5f1edebbd
MOD DETAILS:
   modFile   : E:\Backup\WEBS\wampserver\www\keikauskauppa\vqmod/xml/payment_system.xml
   id        : Payment System
   version   : 20140121
   vqmver    : 2.4.1
   author    : Digital Web Depot

File Name    : admin/language/*/mail/order.php(0)
VQModObject::applyMod - SEARCH NOT FOUND (ABORTING MOD): // Text

----------------------------------------------------------------------


---------- Date: 2017-01-20 23:56:31 ~ IP : 127.0.0.1 ----------
REQUEST URI : /keikauskauppa/admin/index.php?route=sale/sid_orders_products_updater/removeProducts&amp;token=a674921265f3fa80948d4eb5f1edebbd
MOD DETAILS:
   modFile   : E:\Backup\WEBS\wampserver\www\keikauskauppa\vqmod/xml/payment_system.xml
   id        : Payment System
   version   : 20140121
   vqmver    : 2.4.1
   author    : Digital Web Depot

File Name    : admin/language/*/mail/order.php(0)
VQModObject::applyMod - SEARCH NOT FOUND (ABORTING MOD): // Text

----------------------------------------------------------------------


